[debug] [2021-09-28T11:33:09.026Z] ----------------------------------------------------------------------
[debug] [2021-09-28T11:33:09.029Z] Command:       C:\Program Files\nodejs\node.exe C:\Users\Admin\AppData\Roaming\npm\node_modules\firebase-tools\lib\bin\firebase.js init
[debug] [2021-09-28T11:33:09.030Z] CLI Version:   9.18.0
[debug] [2021-09-28T11:33:09.030Z] Platform:      win32
[debug] [2021-09-28T11:33:09.030Z] Node Version:  v14.17.3
[debug] [2021-09-28T11:33:09.031Z] Time:          Tue Sep 28 2021 17:33:09 GMT+0600 (Киргизия)
[debug] [2021-09-28T11:33:09.032Z] ----------------------------------------------------------------------
[debug] 
[debug] [2021-09-28T11:33:09.113Z] > command requires scopes: ["email","openid","https://www.googleapis.com/auth/cloudplatformprojects.readonly","https://www.googleapis.com/auth/firebase","https://www.googleapis.com/auth/cloud-platform"]
[debug] [2021-09-28T11:33:09.113Z] > authorizing via signed-in user (bayel.durusbekov.kk@gmail.com)
[info] 
     ######## #### ########  ######## ########     ###     ######  ########
     ##        ##  ##     ## ##       ##     ##  ##   ##  ##       ##
     ######    ##  ########  ######   ########  #########  ######  ######
     ##        ##  ##    ##  ##       ##     ## ##     ##       ## ##
     ##       #### ##     ## ######## ########  ##     ##  ######  ########

You're about to initialize a Firebase project in this directory:

  C:\Users\Admin

Before we get started, keep in mind:

  * You are initializing within an existing Firebase project directory

